* Lista delle classi
../classes/mage.class
../classes/priest.class
../classes/thief.class
../classes/fighter.class
../classes/druid.class
../classes/wandering.class
../classes/paladin.class
../classes/alchemist.class
../classes/necromancer.class
../classes/bard.class
../classes/class09.class
../classes/class10.class
../classes/class11.class
../classes/class12.class
../classes/class13.class
../classes/class14.class
../classes/class15.class
../classes/class16.class
../classes/class17.class
../classes/class18.class
../classes/class19.class
../classes/baker.class
../classes/butcher.class
../classes/blacksmith.class
../classes/mayor.class
../classes/king.class
../classes/queen.class
End
